  Files.cc
C:\Study\github\Lookoops\tool\ImgSeg\ImgSeg\src\util\Files.cc : warning C4819: 该文件包含不能在当前代码页(936)中表示的字符。请将该文件保存为 Unicode 格式以防止数据丢失
C:\Study\github\Lookoops\tool\ImgSeg\ImgSeg\include\imgseg\util\Files.h : warning C4819: 该文件包含不能在当前代码页(936)中表示的字符。请将该文件保存为 Unicode 格式以防止数据丢失
Files.obj : error LNK2019: 无法解析的外部符号 "public: bool __thiscall Files::_patt_in_name<struct _finddata64i32_t>(struct _finddata64i32_t &)" (??$_patt_in_name@U_finddata64i32_t@@@Files@@QAE_NAAU_finddata64i32_t@@@Z)，该符号在函数 "public: class std::vector<class std::basic_string<char,struct std::char_traits<char>,class std::allocator<char> >,class std::allocator<class std::basic_string<char,struct std::char_traits<char>,class std::allocator<char> > > > __thiscall Files::get_full_path(class std::basic_string<char,struct std::char_traits<char>,class std::allocator<char> >,class std::vector<class std::basic_string<char,struct std::char_traits<char>,class std::allocator<char> >,class std::allocator<class std::basic_string<char,struct std::char_traits<char>,class std::allocator<char> > > > &)" (?get_full_path@Files@@QAE?AV?$vector@V?$basic_string@DU?$char_traits@D@std@@V?$allocator@D@2@@std@@V?$allocator@V?$basic_string@DU?$char_traits@D@std@@V?$allocator@D@2@@std@@@2@@std@@V?$basic_string@DU?$char_traits@D@std@@V?$allocator@D@2@@3@AAV23@@Z) 中被引用
MSVCRTD.lib(exe_main.obj) : error LNK2019: 无法解析的外部符号 _main，该符号在函数 "int __cdecl invoke_main(void)" (?invoke_main@@YAHXZ) 中被引用
C:\software\opencv3.4_vs2013\install\x64\vc12\lib\opencv_calib3d340d.lib : warning LNK4272: 库计算机类型“x64”与目标计算机类型“x86”冲突
C:\software\opencv3.4_vs2013\install\x64\vc12\lib\opencv_core340d.lib : warning LNK4272: 库计算机类型“x64”与目标计算机类型“x86”冲突
C:\software\opencv3.4_vs2013\install\x64\vc12\lib\opencv_dnn340d.lib : warning LNK4272: 库计算机类型“x64”与目标计算机类型“x86”冲突
C:\software\opencv3.4_vs2013\install\x64\vc12\lib\opencv_features2d340d.lib : warning LNK4272: 库计算机类型“x64”与目标计算机类型“x86”冲突
C:\software\opencv3.4_vs2013\install\x64\vc12\lib\opencv_flann340d.lib : warning LNK4272: 库计算机类型“x64”与目标计算机类型“x86”冲突
C:\software\opencv3.4_vs2013\install\x64\vc12\lib\opencv_highgui340d.lib : warning LNK4272: 库计算机类型“x64”与目标计算机类型“x86”冲突
C:\software\opencv3.4_vs2013\install\x64\vc12\lib\opencv_imgcodecs340d.lib : warning LNK4272: 库计算机类型“x64”与目标计算机类型“x86”冲突
C:\software\opencv3.4_vs2013\install\x64\vc12\lib\opencv_imgproc340d.lib : warning LNK4272: 库计算机类型“x64”与目标计算机类型“x86”冲突
C:\software\opencv3.4_vs2013\install\x64\vc12\lib\opencv_ml340d.lib : warning LNK4272: 库计算机类型“x64”与目标计算机类型“x86”冲突
C:\software\opencv3.4_vs2013\install\x64\vc12\lib\opencv_objdetect340d.lib : warning LNK4272: 库计算机类型“x64”与目标计算机类型“x86”冲突
C:\software\opencv3.4_vs2013\install\x64\vc12\lib\opencv_photo340d.lib : warning LNK4272: 库计算机类型“x64”与目标计算机类型“x86”冲突
C:\software\opencv3.4_vs2013\install\x64\vc12\lib\opencv_shape340d.lib : warning LNK4272: 库计算机类型“x64”与目标计算机类型“x86”冲突
C:\software\opencv3.4_vs2013\install\x64\vc12\lib\opencv_stitching340d.lib : warning LNK4272: 库计算机类型“x64”与目标计算机类型“x86”冲突
C:\software\opencv3.4_vs2013\install\x64\vc12\lib\opencv_superres340d.lib : warning LNK4272: 库计算机类型“x64”与目标计算机类型“x86”冲突
C:\software\opencv3.4_vs2013\install\x64\vc12\lib\opencv_video340d.lib : warning LNK4272: 库计算机类型“x64”与目标计算机类型“x86”冲突
C:\software\opencv3.4_vs2013\install\x64\vc12\lib\opencv_videoio340d.lib : warning LNK4272: 库计算机类型“x64”与目标计算机类型“x86”冲突
C:\software\opencv3.4_vs2013\install\x64\vc12\lib\opencv_videostab340d.lib : warning LNK4272: 库计算机类型“x64”与目标计算机类型“x86”冲突
C:\Study\github\Lookoops\tool\ImgSeg\ImgSeg\test\Debug\ImgSeg.exe : fatal error LNK1120: 2 个无法解析的外部命令
